<?xml version="1.0" encoding="UTF-8"?>
<testsuite xmlns:xsi="http://www.w3.org/2001/XMLSchema-instance" xsi:noNamespaceSchemaLocation="https://maven.apache.org/surefire/maven-surefire-plugin/xsd/surefire-test-report.xsd" name="com.vanshrathod.StringCalculatorTest" time="0.071" tests="8" errors="0" skipped="0" failures="0">
  <properties>
[...]
</properties>
  <testcase name="testEmptyStringReturnsZero" classname="com.vanshrathod.StringCalculatorTest" time="0.026"/>
  <testcase name="testNewLineBetweenNumbers" classname="com.vanshrathod.StringCalculatorTest" time="0.001"/>
  <testcase name="testTwoNumbersCommaSeparated" classname="com.vanshrathod.StringCalculatorTest" time="0.002"/>
  <testcase name="testCustomDelimiterSemicolon" classname="com.vanshrathod.StringCalculatorTest" time="0.002"/>
  <testcase name="testMultipleNumbers" classname="com.vanshrathod.StringCalculatorTest" time="0.001"/>
  <testcase name="testCustomMultiCharDelimiter" classname="com.vanshrathod.StringCalculatorTest" time="0.001"/>
  <testcase name="testSingleNumberReturnsSameNumber" classname="com.vanshrathod.StringCalculatorTest" time="0.002"/>
  <testcase name="testMixedNewlineCommaEdgeCase" classname="com.vanshrathod.StringCalculatorTest" time="0.001"/>
</testsuite>